<?xml version="1.0" encoding="UTF-8"?>
<testsuite xmlns:xsi="http://www.w3.org/2001/XMLSchema-instance" xsi:noNamespaceSchemaLocation="https://maven.apache.org/surefire/maven-surefire-plugin/xsd/surefire-test-report-3.0.xsd" version="3.0" name="com.lab10.tests.bai6.ApiUiIntegrationTest" time="15.711" tests="2" errors="0" skipped="2" failures="0">
  <properties>
[...]
</properties>
  <testcase name="testFullUiFlowWhenApiAlive" classname="com.lab10.tests.bai6.ApiUiIntegrationTest" time="0.0">
    <skipped message="API reqres.in đang không sẵn sàng, skip UI flow"/>
    <system-out><![CDATA[[API PRECONDITION] Login status = 200
[API PRECONDITION] Token = QpwL5tke4Pnpja7X4
[API HEALTH] Status = 429
]]></system-out>
    <system-err><![CDATA[SLF4J: Failed to load class "org.slf4j.impl.StaticLoggerBinder".
SLF4J: Defaulting to no-operation (NOP) logger implementation
SLF4J: See http://www.slf4j.org/codes.html#StaticLoggerBinder for further details.
Mar 25, 2026 1:21:53 AM org.openqa.selenium.devtools.CdpVersionFinder findNearestMatch
WARNING: Unable to find CDP implementation matching 146
Mar 25, 2026 1:21:53 AM org.openqa.selenium.chromium.ChromiumDriver lambda$new$4
WARNING: Unable to find version of CDP to use for 146.0.7680.164. You may need to include a dependency on a specific version of the CDP using something similar to `org.seleniumhq.selenium:selenium-devtools-v86:4.29.0` where the version ("v86") matches the version of the chromium-based browser you're using and the version number of the artifact is the same as Selenium's.
]]></system-err>
  </testcase>
  <testcase name="testLoginUiAfterApiPrecondition" classname="com.lab10.tests.bai6.ApiUiIntegrationTest" time="0.0">
    <skipped message="Bỏ qua test UI vì API login precondition thất bại"/>
    <system-out><![CDATA[[API PRECONDITION] Login status = 429
[API PRECONDITION] Login failed, response = {"error":"rate_limit_exceeded","message":"You've hit the free-tier limit of 250 requests/day.","upgrade":{"message":"Upgrade to Dev ($12/mo) for 5,000 requests/day - or create your own API with custom data, auth, and environments.","url":"https://app.reqres.in/upgrade?source=rate_limit&endpoint=legacy_api","pricing_url":"https://app.reqres.in/upgrade?source=rate_limit&highlight=dev"},"current_usage":{"requests_today":250,"daily_limit":250,"resets_at":"2026-03-25T00:00:00.000Z"},"limit":250,"remaining":0,"reset_at":1774396800,"resets_in":"5h 37m","reset_explanation":"Limits reset daily at midnight UTC","upgrade_url":"https://app.reqres.in/upgrade?source=rate_limit&endpoint=legacy_api","recommended_plan":"dev","why_this_happened":"Free usage is designed for trying things out. Paid plans unlock higher limits and longer logs.","tier":"free","_meta":{"powered_by":"ReqRes","docs_url":"https://app.reqres.in/documentation","upgrade_url":"https://app.reqres.in/upgrade","example_url":"https://app.reqres.in/examples/notes-app","variant":"v1_b","message":"Too many requests. Back off, or use Projects for higher limits.","cta":{"label":"Get started","url":"https://app.reqres.in/upgrade"},"context":"rate_limited"}}
[API HEALTH] Status = 429
]]></system-out>
    <system-err><![CDATA[Mar 25, 2026 1:22:00 AM org.openqa.selenium.devtools.CdpVersionFinder findNearestMatch
WARNING: Unable to find CDP implementation matching 146
Mar 25, 2026 1:22:00 AM org.openqa.selenium.chromium.ChromiumDriver lambda$new$4
WARNING: Unable to find version of CDP to use for 146.0.7680.164. You may need to include a dependency on a specific version of the CDP using something similar to `org.seleniumhq.selenium:selenium-devtools-v86:4.29.0` where the version ("v86") matches the version of the chromium-based browser you're using and the version number of the artifact is the same as Selenium's.
]]></system-err>
  </testcase>
</testsuite>