<?xml version="1.0" encoding="UTF-8"?>
<testsuite xmlns:xsi="http://www.w3.org/2001/XMLSchema-instance" xsi:noNamespaceSchemaLocation="https://maven.apache.org/surefire/maven-surefire-plugin/xsd/surefire-test-report-3.0.xsd" version="3.0" name="TestSuite" time="35.916" tests="30" errors="0" skipped="2" failures="0">
  <properties>
[...]
</properties>
  <testcase name="testGetSingleUser" classname="com.lab10.tests.bai1.BasicGetUserApiTest" time="4.447">
    <system-err><![CDATA[SLF4J: Failed to load class "org.slf4j.impl.StaticLoggerBinder".
SLF4J: Defaulting to no-operation (NOP) logger implementation
SLF4J: See http://www.slf4j.org/codes.html#StaticLoggerBinder for further details.
]]></system-err>
  </testcase>
  <testcase name="testGetUsersPage1" classname="com.lab10.tests.bai1.BasicGetUserApiTest" time="0.86"/>
  <testcase name="testGetUsersPage2" classname="com.lab10.tests.bai1.BasicGetUserApiTest" time="0.799"/>
  <testcase name="testUserNotFound" classname="com.lab10.tests.bai1.BasicGetUserApiTest" time="0.703"/>
  <testcase name="testCreateThenGetConfirmationFlow" classname="com.lab10.tests.bai2.UserCrudApiTest" time="1.093"/>
  <testcase name="testCreateUser" classname="com.lab10.tests.bai2.UserCrudApiTest" time="0.805"/>
  <testcase name="testDeleteUser" classname="com.lab10.tests.bai2.UserCrudApiTest" time="0.75"/>
  <testcase name="testPartialUpdateWithPatch" classname="com.lab10.tests.bai2.UserCrudApiTest" time="0.463"/>
  <testcase name="testUpdateUserWithPut" classname="com.lab10.tests.bai2.UserCrudApiTest" time="0.548"/>
  <testcase name="testCreateUserSchema" classname="com.lab10.tests.bai3.SchemaValidationTest" time="0.757"/>
  <testcase name="testUserDetailSchema" classname="com.lab10.tests.bai3.SchemaValidationTest" time="0.494"/>
  <testcase name="testUserListSchema" classname="com.lab10.tests.bai3.SchemaValidationTest" time="0.508"/>
  <testcase name="testLoginMissingEmail" classname="com.lab10.tests.bai4.AuthorizationAndErrorHandlingTest" time="0.735"/>
  <testcase name="testLoginMissingPassword" classname="com.lab10.tests.bai4.AuthorizationAndErrorHandlingTest" time="0.477"/>
  <testcase name="testLoginReturnsToken" classname="com.lab10.tests.bai4.AuthorizationAndErrorHandlingTest" time="0.506"/>
  <testcase name="testLoginScenarios[eve.holt@reqres.in, cityslicka, 200, null](1)" classname="com.lab10.tests.bai4.AuthorizationAndErrorHandlingTest" time="0.749"/>
  <testcase name="testLoginScenarios[eve.holt@reqres.in, , 400, Missing password](2)" classname="com.lab10.tests.bai4.AuthorizationAndErrorHandlingTest" time="0.695"/>
  <testcase name="testLoginScenarios[, cityslicka, 400, Missing email or username](3)" classname="com.lab10.tests.bai4.AuthorizationAndErrorHandlingTest" time="0.746"/>
  <testcase name="testLoginScenarios[notexist@reqres.in, wrongpass, 400, user not found](4)" classname="com.lab10.tests.bai4.AuthorizationAndErrorHandlingTest" time="0.488"/>
  <testcase name="testLoginScenarios[invalid-email, pass123, 400, user not found](5)" classname="com.lab10.tests.bai4.AuthorizationAndErrorHandlingTest" time="0.491"/>
  <testcase name="testRegisterMissingPassword" classname="com.lab10.tests.bai4.AuthorizationAndErrorHandlingTest" time="0.453"/>
  <testcase name="testRegisterSuccess" classname="com.lab10.tests.bai4.AuthorizationAndErrorHandlingTest" time="0.473"/>
  <testcase name="testSimpleMonitoringForTenRuns" classname="com.lab10.tests.bai5.PerformanceAssertionTest" time="4.999">
    <system-out><![CDATA[[MONITOR] Average: 498.2 ms
[MONITOR] Min: 436 ms
[MONITOR] Max: 704 ms
]]></system-out>
  </testcase>
  <testcase name="testSlaForEndpoints[GET, /api/users, 2000, 200](1)" classname="com.lab10.tests.bai5.PerformanceAssertionTest" time="0.587">
    <system-out><![CDATA[[SLA] GET /api/users -> 429 ms
]]></system-out>
  </testcase>
  <testcase name="testSlaForEndpoints[GET, /api/users/2, 1500, 200](2)" classname="com.lab10.tests.bai5.PerformanceAssertionTest" time="0.415">
    <system-out><![CDATA[[SLA] GET /api/users/2 -> 494 ms
]]></system-out>
  </testcase>
  <testcase name="testSlaForEndpoints[POST, /api/users, 3000, 201](3)" classname="com.lab10.tests.bai5.PerformanceAssertionTest" time="0.456">
    <system-out><![CDATA[[SLA] POST /api/users -> 443 ms
]]></system-out>
  </testcase>
  <testcase name="testSlaForEndpoints[POST, /api/login, 2000, 200](4)" classname="com.lab10.tests.bai5.PerformanceAssertionTest" time="0.463">
    <system-out><![CDATA[[SLA] POST /api/login -> 447 ms
]]></system-out>
  </testcase>
  <testcase name="testSlaForEndpoints[DELETE, /api/users/2, 1000, 204](5)" classname="com.lab10.tests.bai5.PerformanceAssertionTest" time="0.442">
    <system-out><![CDATA[[SLA] DELETE /api/users/2 -> 439 ms
]]></system-out>
  </testcase>
  <testcase name="testFullUiFlowWhenApiAlive" classname="com.lab10.tests.bai6.ApiUiIntegrationTest" time="0.0">
    <skipped message="API reqres.in đang không sẵn sàng, skip UI flow"/>
    <system-err><![CDATA[Mar 24, 2026 2:47:56 PM org.openqa.selenium.devtools.CdpVersionFinder findNearestMatch
WARNING: Unable to find CDP implementation matching 146
Mar 24, 2026 2:47:56 PM org.openqa.selenium.chromium.ChromiumDriver lambda$new$4
WARNING: Unable to find version of CDP to use for 146.0.7680.80. You may need to include a dependency on a specific version of the CDP using something similar to `org.seleniumhq.selenium:selenium-devtools-v86:4.29.0` where the version ("v86") matches the version of the chromium-based browser you're using and the version number of the artifact is the same as Selenium's.
[API PRECONDITION] Failed: Base URI cannot be null
]]></system-err>
  </testcase>
  <testcase name="testLoginUiAfterApiPrecondition" classname="com.lab10.tests.bai6.ApiUiIntegrationTest" time="0.0">
    <skipped message="Bỏ qua test UI vì API login precondition thất bại"/>
    <system-err><![CDATA[Mar 24, 2026 2:48:00 PM org.openqa.selenium.devtools.CdpVersionFinder findNearestMatch
WARNING: Unable to find CDP implementation matching 146
Mar 24, 2026 2:48:00 PM org.openqa.selenium.chromium.ChromiumDriver lambda$new$4
WARNING: Unable to find version of CDP to use for 146.0.7680.80. You may need to include a dependency on a specific version of the CDP using something similar to `org.seleniumhq.selenium:selenium-devtools-v86:4.29.0` where the version ("v86") matches the version of the chromium-based browser you're using and the version number of the artifact is the same as Selenium's.
[API PRECONDITION] Failed: Base URI cannot be null
]]></system-err>
  </testcase>
</testsuite>