<?xml version="1.0" encoding="UTF-8"?>
<!-- Generated by org.testng.reporters.JUnitReportReporter -->
<testsuite hostname="KhanhNg208" failures="0" tests="2" name="com.lab10.tests.bai6.ApiUiIntegrationTest" time="14.583" errors="0" timestamp="2026-03-25T01:22:05 ICT" skipped="2">
  <testcase classname="com.lab10.tests.bai6.ApiUiIntegrationTest" name="testFullUiFlowWhenApiAlive" time="8.370">
    <skipped/>
  </testcase> <!-- testFullUiFlowWhenApiAlive -->
  <testcase classname="com.lab10.tests.bai6.ApiUiIntegrationTest" name="testLoginUiAfterApiPrecondition" time="6.213">
    <skipped/>
  </testcase> <!-- testLoginUiAfterApiPrecondition -->
</testsuite> <!-- com.lab10.tests.bai6.ApiUiIntegrationTest -->
