<?xml version="1.0" encoding="UTF-8"?>
<!-- Generated by org.testng.reporters.JUnitReportReporter -->
<testsuite hostname="KhanhNg208" failures="0" tests="3" name="com.lab10.tests.bai3.SchemaValidationTest" time="1.751" errors="0" timestamp="2026-03-24T14:48:02 ICT" skipped="0">
  <testcase classname="com.lab10.tests.bai3.SchemaValidationTest" name="testUserListSchema" time="0.506"/>
  <testcase classname="com.lab10.tests.bai3.SchemaValidationTest" name="testUserDetailSchema" time="0.490"/>
  <testcase classname="com.lab10.tests.bai3.SchemaValidationTest" name="testCreateUserSchema" time="0.755"/>
</testsuite> <!-- com.lab10.tests.bai3.SchemaValidationTest -->
