<?xml version="1.0" encoding="UTF-8"?>
<!-- Generated by org.testng.reporters.JUnitReportReporter -->
<testsuite hostname="KhanhNg208" failures="0" tests="2" name="com.lab10.tests.bai6.ApiUiIntegrationTest" time="8.079" errors="0" timestamp="2026-03-24T14:48:02 ICT" skipped="2">
  <testcase classname="com.lab10.tests.bai6.ApiUiIntegrationTest" name="testFullUiFlowWhenApiAlive" time="5.070">
    <skipped/>
  </testcase> <!-- testFullUiFlowWhenApiAlive -->
  <testcase classname="com.lab10.tests.bai6.ApiUiIntegrationTest" name="testLoginUiAfterApiPrecondition" time="3.009">
    <skipped/>
  </testcase> <!-- testLoginUiAfterApiPrecondition -->
</testsuite> <!-- com.lab10.tests.bai6.ApiUiIntegrationTest -->
