<?xml version="1.0" encoding="UTF-8"?>
<!-- Generated by org.testng.reporters.JUnitReportReporter -->
<testsuite hostname="KhanhNg208" failures="0" tests="4" name="com.lab10.tests.bai1.BasicGetUserApiTest" time="5.131" errors="0" timestamp="2026-03-24T15:24:48 ICT" skipped="0">
  <testcase classname="com.lab10.tests.bai1.BasicGetUserApiTest" name="testUserNotFound" time="0.719"/>
  <testcase classname="com.lab10.tests.bai1.BasicGetUserApiTest" name="testGetUsersPage1" time="0.840"/>
  <testcase classname="com.lab10.tests.bai1.BasicGetUserApiTest" name="testGetSingleUser" time="2.779"/>
  <testcase classname="com.lab10.tests.bai1.BasicGetUserApiTest" name="testGetUsersPage2" time="0.793"/>
</testsuite> <!-- com.lab10.tests.bai1.BasicGetUserApiTest -->
