<?xml version="1.0" encoding="UTF-8"?>
<!-- Generated by org.testng.reporters.JUnitReportReporter -->
<testsuite hostname="KhanhNg208" failures="0" tests="6" name="com.lab10.tests.bai5.PerformanceAssertionTest" time="7.351" errors="0" timestamp="2026-03-24T14:48:02 ICT" skipped="0">
  <testcase classname="com.lab10.tests.bai5.PerformanceAssertionTest" name="testSlaForEndpoints" time="0.441"/>
  <testcase classname="com.lab10.tests.bai5.PerformanceAssertionTest" name="testSlaForEndpoints" time="0.462"/>
  <testcase classname="com.lab10.tests.bai5.PerformanceAssertionTest" name="testSlaForEndpoints" time="0.518"/>
  <testcase classname="com.lab10.tests.bai5.PerformanceAssertionTest" name="testSlaForEndpoints" time="0.454"/>
  <testcase classname="com.lab10.tests.bai5.PerformanceAssertionTest" name="testSimpleMonitoringForTenRuns" time="4.995"/>
  <testcase classname="com.lab10.tests.bai5.PerformanceAssertionTest" name="testSlaForEndpoints" time="0.481"/>
</testsuite> <!-- com.lab10.tests.bai5.PerformanceAssertionTest -->
