<?xml version="1.0" encoding="UTF-8"?>
<!-- Generated by org.testng.reporters.JUnitReportReporter -->
<testsuite hostname="KhanhNg208" failures="0" tests="5" name="com.lab10.tests.bai2.UserCrudApiTest" time="3.649" errors="0" timestamp="2026-03-24T14:48:02 ICT" skipped="0">
  <testcase classname="com.lab10.tests.bai2.UserCrudApiTest" name="testPartialUpdateWithPatch" time="0.461"/>
  <testcase classname="com.lab10.tests.bai2.UserCrudApiTest" name="testUpdateUserWithPut" time="0.546"/>
  <testcase classname="com.lab10.tests.bai2.UserCrudApiTest" name="testDeleteUser" time="0.748"/>
  <testcase classname="com.lab10.tests.bai2.UserCrudApiTest" name="testCreateThenGetConfirmationFlow" time="1.092"/>
  <testcase classname="com.lab10.tests.bai2.UserCrudApiTest" name="testCreateUser" time="0.802"/>
</testsuite> <!-- com.lab10.tests.bai2.UserCrudApiTest -->
