<?xml version="1.0" encoding="UTF-8"?>
<!-- Generated by org.testng.reporters.JUnitXMLReporter -->
<testsuite ignored="0" hostname="KhanhNg208" failures="0" tests="2" name="Surefire test" time="14.816" errors="0" timestamp="2026-03-25T01:22:05 ICT">
  <testcase classname="com.lab10.tests.bai6.ApiUiIntegrationTest" name="testFullUiFlowWhenApiAlive" time="0.047">
    <skipped/>
  </testcase> <!-- testFullUiFlowWhenApiAlive -->
  <testcase classname="com.lab10.tests.bai6.ApiUiIntegrationTest" name="testLoginUiAfterApiPrecondition" time="0.01">
    <skipped/>
  </testcase> <!-- testLoginUiAfterApiPrecondition -->
</testsuite> <!-- Surefire test -->
