<?xml version="1.0" encoding="UTF-8"?>
<!-- Generated by org.testng.reporters.JUnitXMLReporter -->
<testsuite ignored="0" hostname="KhanhNg208" failures="0" tests="4" name="Surefire test" time="5.927" errors="0" timestamp="2026-03-24T15:24:48 ICT">
  <testcase classname="com.lab10.tests.bai1.BasicGetUserApiTest" name="testGetSingleUser" time="2.779"/>
  <testcase classname="com.lab10.tests.bai1.BasicGetUserApiTest" name="testGetUsersPage1" time="0.84"/>
  <testcase classname="com.lab10.tests.bai1.BasicGetUserApiTest" name="testGetUsersPage2" time="0.793"/>
  <testcase classname="com.lab10.tests.bai1.BasicGetUserApiTest" name="testUserNotFound" time="0.719"/>
</testsuite> <!-- Surefire test -->
