<?xml version="1.0" encoding="UTF-8"?>
<!-- Generated by org.testng.reporters.JUnitXMLReporter -->
<testsuite ignored="0" hostname="KhanhNg208" failures="0" tests="4" name="Bai1-ApiBase-Get" time="7.738" errors="0" timestamp="2026-03-24T14:47:35 ICT">
  <testcase classname="com.lab10.tests.bai1.BasicGetUserApiTest" name="testGetSingleUser" time="4.338"/>
  <testcase classname="com.lab10.tests.bai1.BasicGetUserApiTest" name="testGetUsersPage1" time="0.856"/>
  <testcase classname="com.lab10.tests.bai1.BasicGetUserApiTest" name="testGetUsersPage2" time="0.799"/>
  <testcase classname="com.lab10.tests.bai1.BasicGetUserApiTest" name="testUserNotFound" time="0.698"/>
</testsuite> <!-- Bai1-ApiBase-Get -->
