<?xml version="1.0" encoding="UTF-8"?>
<!-- Generated by org.testng.reporters.JUnitXMLReporter -->
<testsuite ignored="0" hostname="KhanhNg208" failures="0" tests="5" name="Bai2-Crud" time="3.67" errors="0" timestamp="2026-03-24T14:47:39 ICT">
  <testcase classname="com.lab10.tests.bai2.UserCrudApiTest" name="testCreateThenGetConfirmationFlow" time="1.092"/>
  <testcase classname="com.lab10.tests.bai2.UserCrudApiTest" name="testCreateUser" time="0.802"/>
  <testcase classname="com.lab10.tests.bai2.UserCrudApiTest" name="testDeleteUser" time="0.748"/>
  <testcase classname="com.lab10.tests.bai2.UserCrudApiTest" name="testPartialUpdateWithPatch" time="0.461"/>
  <testcase classname="com.lab10.tests.bai2.UserCrudApiTest" name="testUpdateUserWithPut" time="0.546"/>
</testsuite> <!-- Bai2-Crud -->
