<?xml version="1.0" encoding="UTF-8"?>
<!-- Generated by org.testng.reporters.JUnitXMLReporter -->
<testsuite ignored="0" hostname="KhanhNg208" failures="0" tests="3" name="Bai3-Schema" time="1.766" errors="0" timestamp="2026-03-24T14:47:41 ICT">
  <testcase classname="com.lab10.tests.bai3.SchemaValidationTest" name="testCreateUserSchema" time="0.755"/>
  <testcase classname="com.lab10.tests.bai3.SchemaValidationTest" name="testUserDetailSchema" time="0.49"/>
  <testcase classname="com.lab10.tests.bai3.SchemaValidationTest" name="testUserListSchema" time="0.506"/>
</testsuite> <!-- Bai3-Schema -->
