<?xml version="1.0" encoding="UTF-8"?>
<!-- Generated by org.testng.reporters.JUnitXMLReporter -->
<testsuite ignored="0" hostname="KhanhNg208" failures="0" tests="10" name="Bai4-Authorization-ErrorHandling" time="5.833" errors="0" timestamp="2026-03-24T14:47:46 ICT">
  <testcase classname="com.lab10.tests.bai4.AuthorizationAndErrorHandlingTest" name="testLoginMissingEmail" time="0.73"/>
  <testcase classname="com.lab10.tests.bai4.AuthorizationAndErrorHandlingTest" name="testLoginMissingPassword" time="0.476"/>
  <testcase classname="com.lab10.tests.bai4.AuthorizationAndErrorHandlingTest" name="testLoginReturnsToken" time="0.505"/>
  <testcase classname="com.lab10.tests.bai4.AuthorizationAndErrorHandlingTest" name="testLoginScenarios" time="0.747"/>
  <testcase classname="com.lab10.tests.bai4.AuthorizationAndErrorHandlingTest" name="testLoginScenarios" time="0.693"/>
  <testcase classname="com.lab10.tests.bai4.AuthorizationAndErrorHandlingTest" name="testLoginScenarios" time="0.746"/>
  <testcase classname="com.lab10.tests.bai4.AuthorizationAndErrorHandlingTest" name="testLoginScenarios" time="0.488"/>
  <testcase classname="com.lab10.tests.bai4.AuthorizationAndErrorHandlingTest" name="testLoginScenarios" time="0.489"/>
  <testcase classname="com.lab10.tests.bai4.AuthorizationAndErrorHandlingTest" name="testRegisterMissingPassword" time="0.448"/>
  <testcase classname="com.lab10.tests.bai4.AuthorizationAndErrorHandlingTest" name="testRegisterSuccess" time="0.471"/>
</testsuite> <!-- Bai4-Authorization-ErrorHandling -->
