<?xml version="1.0" encoding="UTF-8"?>
<!-- Generated by org.testng.reporters.JUnitXMLReporter -->
<testsuite ignored="0" hostname="KhanhNg208" failures="0" tests="6" name="Bai5-Performance-SLA" time="7.367" errors="0" timestamp="2026-03-24T14:47:54 ICT">
  <testcase classname="com.lab10.tests.bai5.PerformanceAssertionTest" name="testSimpleMonitoringForTenRuns" time="4.995"/>
  <testcase classname="com.lab10.tests.bai5.PerformanceAssertionTest" name="testSlaForEndpoints" time="0.481"/>
  <testcase classname="com.lab10.tests.bai5.PerformanceAssertionTest" name="testSlaForEndpoints" time="0.518"/>
  <testcase classname="com.lab10.tests.bai5.PerformanceAssertionTest" name="testSlaForEndpoints" time="0.454"/>
  <testcase classname="com.lab10.tests.bai5.PerformanceAssertionTest" name="testSlaForEndpoints" time="0.462"/>
  <testcase classname="com.lab10.tests.bai5.PerformanceAssertionTest" name="testSlaForEndpoints" time="0.441"/>
</testsuite> <!-- Bai5-Performance-SLA -->
