<?xml version="1.0" encoding="UTF-8"?>
<!-- Generated by org.testng.reporters.JUnitXMLReporter -->
<testsuite ignored="0" hostname="KhanhNg208" failures="0" tests="2" name="Bai6-Api-Ui-Integration" time="8.104" errors="0" timestamp="2026-03-24T14:48:02 ICT">
  <testcase classname="com.lab10.tests.bai6.ApiUiIntegrationTest" name="testFullUiFlowWhenApiAlive" time="0.003">
    <skipped/>
  </testcase> <!-- testFullUiFlowWhenApiAlive -->
  <testcase classname="com.lab10.tests.bai6.ApiUiIntegrationTest" name="testLoginUiAfterApiPrecondition" time="0.004">
    <skipped/>
  </testcase> <!-- testLoginUiAfterApiPrecondition -->
</testsuite> <!-- Bai6-Api-Ui-Integration -->
